08:55:40 Log created
08:55:40 Daemon object created
08:55:40 Daemon object destroyed
08:56:56 Daemon object created
08:56:56 Daemon object destroyed
09:08:18 Daemon object created
09:08:18 Daemon object destroyed
09:08:35 Daemon object created
09:08:35 Daemon installed, version:1.2
09:08:35 Daemon object destroyed
09:09:13 Daemon object created
09:09:13 Daemon object destroyed
09:09:35 Daemon object created
09:09:35 Daemon object destroyed
09:09:58 Daemon object created
09:09:58 Daemon object destroyed
09:12:04 Daemon object created
09:12:04 Daemon object destroyed
09:23:54 Daemon object created
09:23:54 Daemon uninstalled
09:23:54 Daemon object destroyed
09:26:05 Daemon object created
09:26:05 Daemon installed, version:1.2
09:26:05 Daemon object destroyed
09:31:50 Daemon object created
09:31:50 Daemon object destroyed
09:32:30 Daemon object created
09:32:30 Daemon object destroyed
09:34:27 Daemon object created
09:34:27 Daemon received start signal, PID:4948
09:34:27 Daemon worker thread created
09:34:27 Daemon worker thread executing
09:34:27 Daemon worker thread running
09:34:32 Daemon worker thread running
09:34:37 Daemon worker thread running
09:34:42 Daemon worker thread running
09:34:47 Daemon worker thread running
09:34:52 Daemon worker thread running
09:34:57 Daemon worker thread running
09:35:02 Daemon worker thread running
09:35:07 Daemon worker thread running
09:35:12 Daemon worker thread running
09:35:17 Daemon worker thread running
09:35:22 Daemon worker thread running
09:35:27 Daemon worker thread running
09:35:32 Daemon worker thread running
09:35:37 Daemon worker thread running
09:35:42 Daemon worker thread running
09:35:47 Daemon worker thread running
09:35:52 Daemon worker thread running
09:35:57 Daemon worker thread running
09:36:02 Daemon worker thread running
09:36:07 Daemon worker thread running
09:36:12 Daemon worker thread running
09:36:17 Daemon worker thread running
09:36:22 Daemon worker thread running
09:36:27 Daemon worker thread running
09:36:32 Daemon worker thread running
09:36:37 Daemon worker thread running
09:36:42 Daemon worker thread running
09:36:48 Daemon worker thread running
09:36:53 Daemon worker thread running
09:36:58 Daemon worker thread running
09:37:01 Daemon received stop signal
09:37:01 Daemon worker thread terminated
09:37:01 Daemon worker thread destroyed
09:37:01 Daemon stopped
09:37:01 Daemon object destroyed
09:37:48 Daemon object created
09:37:48 Daemon uninstalled
09:37:48 Daemon object destroyed
10:00:20 Daemon object created
10:00:20 Daemon installed, version:1.2
10:00:20 Daemon object destroyed
10:00:27 Daemon object created
10:00:27 Daemon installed, version:1.2
10:00:27 Daemon object destroyed
10:00:37 Daemon object created
10:00:37 Daemon uninstalled
10:00:37 Daemon object destroyed
10:00:42 Daemon object created
10:00:42 Daemon installed, version:1.2
10:00:42 Daemon object destroyed
10:00:47 Daemon object created
10:00:47 Daemon installed, version:1.2
10:00:47 Daemon object destroyed
12:25:31 Daemon object created
12:25:31 Daemon received start signal, PID:691
12:25:31 Daemon worker thread created
12:25:31 Daemon worker thread executing
12:25:31 Daemon worker thread running
12:25:36 Daemon worker thread running
12:25:41 Daemon worker thread running
12:25:46 Daemon worker thread running
12:25:52 Daemon worker thread running
12:25:57 Daemon worker thread running
12:26:02 Daemon worker thread running
12:26:07 Daemon worker thread running
12:26:12 Daemon worker thread running
12:26:17 Daemon worker thread running
12:26:22 Daemon worker thread running
12:26:27 Daemon worker thread running
12:26:32 Daemon worker thread running
12:26:37 Daemon worker thread running
12:26:42 Daemon worker thread running
12:26:47 Daemon worker thread running
12:26:52 Daemon worker thread running
12:26:57 Daemon worker thread running
12:27:02 Daemon worker thread running
12:27:07 Daemon worker thread running
12:27:12 Daemon worker thread running
12:27:17 Daemon worker thread running
12:27:22 Daemon worker thread running
12:27:27 Daemon worker thread running
12:27:32 Daemon worker thread running
12:27:37 Daemon worker thread running
12:27:42 Daemon worker thread running
12:27:47 Daemon worker thread running
12:27:52 Daemon worker thread running
12:27:57 Daemon worker thread running
12:28:02 Daemon worker thread running
12:28:07 Daemon worker thread running
12:28:12 Daemon worker thread running
12:28:18 Daemon worker thread running
12:28:23 Daemon worker thread running
12:28:28 Daemon worker thread running
12:28:33 Daemon worker thread running
12:28:38 Daemon worker thread running
12:28:43 Daemon worker thread running
12:28:48 Daemon worker thread running
12:28:53 Daemon worker thread running
12:28:58 Daemon worker thread running
12:29:03 Daemon worker thread running
12:29:08 Daemon worker thread running
12:29:13 Daemon worker thread running
12:29:18 Daemon worker thread running
12:29:23 Daemon worker thread running
12:29:28 Daemon worker thread running
12:29:33 Daemon worker thread running
